INFO: (08-05-2019 19:37) :
INFO: (08-05-2019 19:37) :	 === Начали работу === 	
INFO: (08-05-2019 19:37) :Авторизовались в ВК
INFO: (08-05-2019 19:37) :Спарсили свой аккаунт
INFO: (08-05-2019 19:37) :Произвели поиск пользователей
INFO: (08-05-2019 19:37) :Отформатировали данные и получили пользователей с общими группами
INFO: (08-05-2019 19:37) :Начали поиск подходящей пары
INFO: (08-05-2019 19:37) :Нашли пользователей с общими группами
INFO: (08-05-2019 19:37) :Нашли пользователей с общими книгами
INFO: (08-05-2019 19:37) :Нашли пользователей с общией музыкой
INFO: (08-05-2019 19:37) :Нашли пользователей с общими интересами
INFO: (08-05-2019 19:37) :Избавились от повторов
INFO: (08-05-2019 19:37) :Нашли для каждого аккаунта ТОП3 фото
INFO: (08-05-2019 19:37) :Подключились к БД
INFO: (08-05-2019 19:37) :Записали всё, создали JSON файл
INFO: (08-05-2019 19:37) :	 === Закончили работу === 	
INFO: (08-05-2019 19:40) :
INFO: (08-05-2019 19:40) :	 === Начали работу === 	
INFO: (08-05-2019 19:40) :Авторизовались в ВК
INFO: (08-05-2019 19:40) :Спарсили свой аккаунт
INFO: (08-05-2019 19:40) :Произвели поиск пользователей
INFO: (08-05-2019 19:40) :Отформатировали данные и получили пользователей с общими группами
INFO: (08-05-2019 19:40) :Начали поиск подходящей пары
INFO: (08-05-2019 19:40) :Нашли пользователей с общими группами
INFO: (08-05-2019 19:40) :Нашли пользователей с общими книгами
INFO: (08-05-2019 19:40) :Нашли пользователей с общией музыкой
INFO: (08-05-2019 19:40) :Нашли пользователей с общими интересами
INFO: (08-05-2019 19:40) :Избавились от повторов
INFO: (08-05-2019 19:40) :Нашли для каждого аккаунта ТОП3 фото
INFO: (08-05-2019 19:43) :
INFO: (08-05-2019 19:43) :	 === Начали работу === 	
INFO: (08-05-2019 19:43) :Авторизовались в ВК
INFO: (08-05-2019 19:43) :Спарсили свой аккаунт
INFO: (08-05-2019 19:43) :Произвели поиск пользователей
INFO: (08-05-2019 19:43) :Отформатировали данные и получили пользователей с общими группами
INFO: (08-05-2019 19:43) :Начали поиск подходящей пары
INFO: (08-05-2019 19:43) :Нашли пользователей с общими группами
INFO: (08-05-2019 19:43) :Нашли пользователей с общими книгами
INFO: (08-05-2019 19:43) :Нашли пользователей с общией музыкой
INFO: (08-05-2019 19:43) :Нашли пользователей с общими интересами
INFO: (08-05-2019 19:43) :Избавились от повторов
INFO: (08-05-2019 19:43) :Нашли для каждого аккаунта ТОП3 фото
INFO: (08-05-2019 19:46) :
INFO: (08-05-2019 19:46) :	 === Начали работу === 	
INFO: (08-05-2019 19:46) :Авторизовались в ВК
INFO: (08-05-2019 19:46) :Спарсили свой аккаунт
INFO: (08-05-2019 19:46) :Произвели поиск пользователей
INFO: (08-05-2019 19:46) :Отформатировали данные и получили пользователей с общими группами
INFO: (08-05-2019 19:46) :Начали поиск подходящей пары
INFO: (08-05-2019 19:46) :Нашли пользователей с общими группами
INFO: (08-05-2019 19:46) :Нашли пользователей с общими книгами
INFO: (08-05-2019 19:46) :Нашли пользователей с общией музыкой
INFO: (08-05-2019 19:46) :Нашли пользователей с общими интересами
INFO: (08-05-2019 19:46) :Избавились от повторов
INFO: (08-05-2019 19:46) :Нашли для каждого аккаунта ТОП3 фото
INFO: (08-05-2019 19:49) :
INFO: (08-05-2019 19:49) :	 === Начали работу === 	
INFO: (08-05-2019 19:49) :Авторизовались в ВК
INFO: (08-05-2019 19:49) :Спарсили свой аккаунт
INFO: (08-05-2019 19:49) :Произвели поиск пользователей
INFO: (08-05-2019 19:49) :Отформатировали данные и получили пользователей с общими группами
INFO: (08-05-2019 19:49) :Начали поиск подходящей пары
INFO: (08-05-2019 19:49) :Нашли пользователей с общими группами
INFO: (08-05-2019 19:49) :Нашли пользователей с общими книгами
INFO: (08-05-2019 19:49) :Нашли пользователей с общией музыкой
INFO: (08-05-2019 19:49) :Нашли пользователей с общими интересами
INFO: (08-05-2019 19:49) :Избавились от повторов
INFO: (08-05-2019 19:49) :Нашли для каждого аккаунта ТОП3 фото
INFO: (08-05-2019 19:49) :Подключились к БД
INFO: (08-05-2019 19:49) :Записали всё, создали JSON файл
INFO: (08-05-2019 19:49) :	 === Закончили работу === 	
INFO: (08-05-2019 19:52) :
INFO: (08-05-2019 19:52) :	 === Начали работу === 	
INFO: (08-05-2019 19:52) :Авторизовались в ВК
INFO: (08-05-2019 19:52) :Спарсили свой аккаунт
INFO: (08-05-2019 19:52) :Произвели поиск пользователей
INFO: (08-05-2019 19:52) :Отформатировали данные и получили пользователей с общими группами
INFO: (08-05-2019 19:52) :Начали поиск подходящей пары
INFO: (08-05-2019 19:52) :Нашли пользователей с общими группами
INFO: (08-05-2019 19:52) :Нашли пользователей с общими книгами
INFO: (08-05-2019 19:52) :Нашли пользователей с общией музыкой
INFO: (08-05-2019 19:52) :Нашли пользователей с общими интересами
INFO: (08-05-2019 19:52) :Избавились от повторов
INFO: (08-05-2019 19:52) :Нашли для каждого аккаунта ТОП3 фото
INFO: (08-05-2019 19:52) :Подключились к БД
INFO: (08-05-2019 19:52) :Записали всё, создали JSON файл
INFO: (08-05-2019 19:52) :	 === Закончили работу === 	
